  源.cpp
D:\计算机图形学\Project3\CHATBOX.h(251,46): warning C4267: “参数”: 从“size_t”转换到“int”，可能丢失数据
D:\计算机图形学\Project3\CHESSBOARDVIEW.h(76,50): warning C4267: “参数”: 从“size_t”转换到“int”，可能丢失数据
D:\计算机图形学\Project3\源.cpp(101,10): warning C4477: “printf”: 格式字符串“%d”需要类型“int”的参数，但可变参数 2 拥有了类型“size_t”
D:\计算机图形学\Project3\源.cpp(101,10): message : 请考虑在格式字符串中使用“%zd”
D:\计算机图形学\Project3\源.cpp(104,38): warning C4267: “+=”: 从“size_t”转换到“int”，可能丢失数据
D:\计算机图形学\Project3\源.cpp(109,39): warning C4267: “+=”: 从“size_t”转换到“int”，可能丢失数据
D:\计算机图形学\Project3\源.cpp(125,39): warning C4267: “+=”: 从“size_t”转换到“int”，可能丢失数据
D:\计算机图形学\Project3\源.cpp(155,39): warning C4267: “+=”: 从“size_t”转换到“int”，可能丢失数据
D:\计算机图形学\Project3\源.cpp(159,37): warning C4267: “+=”: 从“size_t”转换到“int”，可能丢失数据
D:\计算机图形学\Project3\源.cpp(163,39): warning C4267: “+=”: 从“size_t”转换到“int”，可能丢失数据
D:\计算机图形学\Project3\源.cpp(171,40): warning C4267: “+=”: 从“size_t”转换到“int”，可能丢失数据
D:\计算机图形学\Project3\源.cpp(174,40): warning C4267: “+=”: 从“size_t”转换到“int”，可能丢失数据
D:\计算机图形学\Project3\源.cpp(181,40): warning C4267: “+=”: 从“size_t”转换到“int”，可能丢失数据
D:\计算机图形学\Project3\源.cpp(184,40): warning C4267: “+=”: 从“size_t”转换到“int”，可能丢失数据
D:\计算机图形学\Project3\源.cpp(190,40): warning C4267: “+=”: 从“size_t”转换到“int”，可能丢失数据
D:\计算机图形学\Project3\源.cpp(193,40): warning C4267: “+=”: 从“size_t”转换到“int”，可能丢失数据
D:\计算机图形学\Project3\源.cpp(199,40): warning C4267: “+=”: 从“size_t”转换到“int”，可能丢失数据
D:\计算机图形学\Project3\源.cpp(202,40): warning C4267: “+=”: 从“size_t”转换到“int”，可能丢失数据
D:\计算机图形学\Project3\源.cpp(207,40): warning C4267: “+=”: 从“size_t”转换到“int”，可能丢失数据
D:\计算机图形学\Project3\源.cpp(210,40): warning C4267: “+=”: 从“size_t”转换到“int”，可能丢失数据
D:\计算机图形学\Project3\源.cpp(215,40): warning C4267: “+=”: 从“size_t”转换到“int”，可能丢失数据
D:\计算机图形学\Project3\源.cpp(218,40): warning C4267: “+=”: 从“size_t”转换到“int”，可能丢失数据
D:\计算机图形学\Project3\源.cpp(224,40): warning C4267: “+=”: 从“size_t”转换到“int”，可能丢失数据
D:\计算机图形学\Project3\源.cpp(227,40): warning C4267: “+=”: 从“size_t”转换到“int”，可能丢失数据
D:\计算机图形学\Project3\源.cpp(233,40): warning C4267: “+=”: 从“size_t”转换到“int”，可能丢失数据
D:\计算机图形学\Project3\源.cpp(236,40): warning C4267: “+=”: 从“size_t”转换到“int”，可能丢失数据
D:\计算机图形学\Project3\源.cpp(245,40): warning C4267: “+=”: 从“size_t”转换到“int”，可能丢失数据
D:\计算机图形学\Project3\源.cpp(248,40): warning C4267: “+=”: 从“size_t”转换到“int”，可能丢失数据
D:\计算机图形学\Project3\源.cpp(255,40): warning C4267: “+=”: 从“size_t”转换到“int”，可能丢失数据
D:\计算机图形学\Project3\源.cpp(258,40): warning C4267: “+=”: 从“size_t”转换到“int”，可能丢失数据
D:\计算机图形学\Project3\源.cpp(264,40): warning C4267: “+=”: 从“size_t”转换到“int”，可能丢失数据
D:\计算机图形学\Project3\源.cpp(267,40): warning C4267: “+=”: 从“size_t”转换到“int”，可能丢失数据
D:\计算机图形学\Project3\源.cpp(273,40): warning C4267: “+=”: 从“size_t”转换到“int”，可能丢失数据
D:\计算机图形学\Project3\源.cpp(276,40): warning C4267: “+=”: 从“size_t”转换到“int”，可能丢失数据
D:\计算机图形学\Project3\源.cpp(281,40): warning C4267: “+=”: 从“size_t”转换到“int”，可能丢失数据
D:\计算机图形学\Project3\源.cpp(284,40): warning C4267: “+=”: 从“size_t”转换到“int”，可能丢失数据
D:\计算机图形学\Project3\源.cpp(289,40): warning C4267: “+=”: 从“size_t”转换到“int”，可能丢失数据
D:\计算机图形学\Project3\源.cpp(292,40): warning C4267: “+=”: 从“size_t”转换到“int”，可能丢失数据
D:\计算机图形学\Project3\源.cpp(298,40): warning C4267: “+=”: 从“size_t”转换到“int”，可能丢失数据
D:\计算机图形学\Project3\源.cpp(301,40): warning C4267: “+=”: 从“size_t”转换到“int”，可能丢失数据
D:\计算机图形学\Project3\源.cpp(307,40): warning C4267: “+=”: 从“size_t”转换到“int”，可能丢失数据
D:\计算机图形学\Project3\源.cpp(310,40): warning C4267: “+=”: 从“size_t”转换到“int”，可能丢失数据
D:\计算机图形学\Project3\源.cpp(320,39): warning C4267: “+=”: 从“size_t”转换到“int”，可能丢失数据
D:\计算机图形学\Project3\源.cpp(331,39): warning C4267: “+=”: 从“size_t”转换到“int”，可能丢失数据
D:\计算机图形学\Project3\源.cpp(334,37): warning C4267: “+=”: 从“size_t”转换到“int”，可能丢失数据
D:\计算机图形学\Project3\源.cpp(337,39): warning C4267: “+=”: 从“size_t”转换到“int”，可能丢失数据
D:\计算机图形学\Project3\源.cpp(340,39): warning C4267: “+=”: 从“size_t”转换到“int”，可能丢失数据
D:\计算机图形学\Project3\源.cpp(371,37): warning C4267: “+=”: 从“size_t”转换到“int”，可能丢失数据
D:\计算机图形学\Project3\源.cpp(396,37): warning C4267: “+=”: 从“size_t”转换到“int”，可能丢失数据
D:\计算机图形学\Project3\源.cpp(424,37): warning C4267: “+=”: 从“size_t”转换到“int”，可能丢失数据
D:\计算机图形学\Project3\源.cpp(427,40): warning C4267: “+=”: 从“size_t”转换到“int”，可能丢失数据
D:\计算机图形学\Project3\源.cpp(433,39): warning C4267: “+=”: 从“size_t”转换到“int”，可能丢失数据
D:\计算机图形学\Project3\源.cpp(438,39): warning C4267: “+=”: 从“size_t”转换到“int”，可能丢失数据
D:\计算机图形学\Project3\源.cpp(447,39): warning C4267: “+=”: 从“size_t”转换到“int”，可能丢失数据
D:\计算机图形学\Project3\源.cpp(451,39): warning C4267: “+=”: 从“size_t”转换到“int”，可能丢失数据
D:\计算机图形学\Project3\源.cpp(472,46): warning C4267: “参数”: 从“size_t”转换到“int”，可能丢失数据
D:\计算机图形学\Project3\源.cpp(544,37): warning C4267: “+=”: 从“size_t”转换到“int”，可能丢失数据
D:\计算机图形学\Project3\源.cpp(598,37): warning C4267: “+=”: 从“size_t”转换到“int”，可能丢失数据
D:\计算机图形学\Project3\源.cpp(601,39): warning C4267: “+=”: 从“size_t”转换到“int”，可能丢失数据
D:\计算机图形学\Project3\源.cpp(658,46): warning C4267: “参数”: 从“size_t”转换到“int”，可能丢失数据
D:\计算机图形学\Project3\源.cpp(666,37): warning C4267: “+=”: 从“size_t”转换到“int”，可能丢失数据
D:\计算机图形学\Project3\源.cpp(670,37): warning C4267: “+=”: 从“size_t”转换到“int”，可能丢失数据
D:\计算机图形学\Project3\源.cpp(682,37): warning C4267: “+=”: 从“size_t”转换到“int”，可能丢失数据
D:\计算机图形学\Project3\源.cpp(686,37): warning C4267: “+=”: 从“size_t”转换到“int”，可能丢失数据
D:\计算机图形学\Project3\源.cpp(724,38): warning C4267: “初始化”: 从“size_t”转换到“int”，可能丢失数据
D:\计算机图形学\Project3\源.cpp(752,44): warning C4267: “参数”: 从“size_t”转换到“int”，可能丢失数据
D:\计算机图形学\Project3\源.cpp(792,41): warning C4267: “初始化”: 从“size_t”转换到“int”，可能丢失数据
D:\计算机图形学\Project3\源.cpp(816,44): warning C4267: “参数”: 从“size_t”转换到“int”，可能丢失数据
D:\计算机图形学\Project3\源.cpp(1248,47): warning C4267: “参数”: 从“size_t”转换到“int”，可能丢失数据
D:\计算机图形学\Project3\源.cpp(1290,47): warning C4267: “参数”: 从“size_t”转换到“int”，可能丢失数据
D:\计算机图形学\Project3\源.cpp(1330,47): warning C4267: “参数”: 从“size_t”转换到“int”，可能丢失数据
D:\计算机图形学\Project3\源.cpp(1370,47): warning C4267: “参数”: 从“size_t”转换到“int”，可能丢失数据
D:\计算机图形学\Project3\源.cpp(1450,47): warning C4267: “参数”: 从“size_t”转换到“int”，可能丢失数据
  Project3.vcxproj -> D:\计算机图形学\Project3\x64\Debug\Project3.exe
