  服务器.cpp
D:\BohongLi\100-LoveLearning\170-项目\网络五子棋\My网络五子棋\My五子棋服务器\服务器.cpp(81,37): warning C4267: “+=”: 从“size_t”转换到“int”，可能丢失数据
D:\BohongLi\100-LoveLearning\170-项目\网络五子棋\My网络五子棋\My五子棋服务器\服务器.cpp(85,37): warning C4267: “+=”: 从“size_t”转换到“int”，可能丢失数据
D:\BohongLi\100-LoveLearning\170-项目\网络五子棋\My网络五子棋\My五子棋服务器\服务器.cpp(96,13): warning C4244: “初始化”: 从“uint64_t”转换到“int”，可能丢失数据
D:\BohongLi\100-LoveLearning\170-项目\网络五子棋\My网络五子棋\My五子棋服务器\服务器.cpp(108,45): warning C4474: sprintf: 格式字符串中传递的参数太多
D:\BohongLi\100-LoveLearning\170-项目\网络五子棋\My网络五子棋\My五子棋服务器\服务器.cpp(108,45): message : 占位符和其参数预计 0 可变参数，但提供的却是 1 参数
D:\BohongLi\100-LoveLearning\170-项目\网络五子棋\My网络五子棋\My五子棋服务器\服务器.cpp(109,56): warning C4267: “参数”: 从“size_t”转换到“int”，可能丢失数据
D:\BohongLi\100-LoveLearning\170-项目\网络五子棋\My网络五子棋\My五子棋服务器\服务器.cpp(121,47): warning C4474: sprintf: 格式字符串中传递的参数太多
D:\BohongLi\100-LoveLearning\170-项目\网络五子棋\My网络五子棋\My五子棋服务器\服务器.cpp(121,47): message : 占位符和其参数预计 0 可变参数，但提供的却是 1 参数
D:\BohongLi\100-LoveLearning\170-项目\网络五子棋\My网络五子棋\My五子棋服务器\服务器.cpp(122,56): warning C4267: “参数”: 从“size_t”转换到“int”，可能丢失数据
D:\BohongLi\100-LoveLearning\170-项目\网络五子棋\My网络五子棋\My五子棋服务器\服务器.cpp(138,13): warning C4244: “初始化”: 从“uint64_t”转换到“int”，可能丢失数据
D:\BohongLi\100-LoveLearning\170-项目\网络五子棋\My网络五子棋\My五子棋服务器\服务器.cpp(151,56): warning C4267: “参数”: 从“size_t”转换到“int”，可能丢失数据
D:\BohongLi\100-LoveLearning\170-项目\网络五子棋\My网络五子棋\My五子棋服务器\服务器.cpp(168,37): warning C4267: “+=”: 从“size_t”转换到“int”，可能丢失数据
D:\BohongLi\100-LoveLearning\170-项目\网络五子棋\My网络五子棋\My五子棋服务器\服务器.cpp(172,37): warning C4267: “+=”: 从“size_t”转换到“int”，可能丢失数据
D:\BohongLi\100-LoveLearning\170-项目\网络五子棋\My网络五子棋\My五子棋服务器\服务器.cpp(183,13): warning C4244: “初始化”: 从“uint64_t”转换到“int”，可能丢失数据
D:\BohongLi\100-LoveLearning\170-项目\网络五子棋\My网络五子棋\My五子棋服务器\服务器.cpp(188,46): warning C4474: sprintf: 格式字符串中传递的参数太多
D:\BohongLi\100-LoveLearning\170-项目\网络五子棋\My网络五子棋\My五子棋服务器\服务器.cpp(188,46): message : 占位符和其参数预计 0 可变参数，但提供的却是 1 参数
D:\BohongLi\100-LoveLearning\170-项目\网络五子棋\My网络五子棋\My五子棋服务器\服务器.cpp(189,56): warning C4267: “参数”: 从“size_t”转换到“int”，可能丢失数据
D:\BohongLi\100-LoveLearning\170-项目\网络五子棋\My网络五子棋\My五子棋服务器\服务器.cpp(196,47): warning C4474: sprintf: 格式字符串中传递的参数太多
D:\BohongLi\100-LoveLearning\170-项目\网络五子棋\My网络五子棋\My五子棋服务器\服务器.cpp(196,47): message : 占位符和其参数预计 0 可变参数，但提供的却是 1 参数
D:\BohongLi\100-LoveLearning\170-项目\网络五子棋\My网络五子棋\My五子棋服务器\服务器.cpp(197,57): warning C4267: “参数”: 从“size_t”转换到“int”，可能丢失数据
D:\BohongLi\100-LoveLearning\170-项目\网络五子棋\My网络五子棋\My五子棋服务器\服务器.cpp(204,45): warning C4474: sprintf: 格式字符串中传递的参数太多
D:\BohongLi\100-LoveLearning\170-项目\网络五子棋\My网络五子棋\My五子棋服务器\服务器.cpp(204,45): message : 占位符和其参数预计 0 可变参数，但提供的却是 1 参数
D:\BohongLi\100-LoveLearning\170-项目\网络五子棋\My网络五子棋\My五子棋服务器\服务器.cpp(205,58): warning C4267: “参数”: 从“size_t”转换到“int”，可能丢失数据
D:\BohongLi\100-LoveLearning\170-项目\网络五子棋\My网络五子棋\My五子棋服务器\服务器.cpp(225,47): warning C4474: sprintf: 格式字符串中传递的参数太多
D:\BohongLi\100-LoveLearning\170-项目\网络五子棋\My网络五子棋\My五子棋服务器\服务器.cpp(225,47): message : 占位符和其参数预计 0 可变参数，但提供的却是 1 参数
D:\BohongLi\100-LoveLearning\170-项目\网络五子棋\My网络五子棋\My五子棋服务器\服务器.cpp(226,57): warning C4267: “参数”: 从“size_t”转换到“int”，可能丢失数据
D:\BohongLi\100-LoveLearning\170-项目\网络五子棋\My网络五子棋\My五子棋服务器\服务器.cpp(244,58): warning C4267: “参数”: 从“size_t”转换到“int”，可能丢失数据
D:\BohongLi\100-LoveLearning\170-项目\网络五子棋\My网络五子棋\My五子棋服务器\服务器.cpp(264,55): warning C4267: “参数”: 从“size_t”转换到“int”，可能丢失数据
D:\BohongLi\100-LoveLearning\170-项目\网络五子棋\My网络五子棋\My五子棋服务器\服务器.cpp(269,60): warning C4267: “参数”: 从“size_t”转换到“int”，可能丢失数据
D:\BohongLi\100-LoveLearning\170-项目\网络五子棋\My网络五子棋\My五子棋服务器\服务器.cpp(277,50): warning C4267: “参数”: 从“size_t”转换到“int”，可能丢失数据
D:\BohongLi\100-LoveLearning\170-项目\网络五子棋\My网络五子棋\My五子棋服务器\服务器.cpp(280,50): warning C4267: “参数”: 从“size_t”转换到“int”，可能丢失数据
D:\BohongLi\100-LoveLearning\170-项目\网络五子棋\My网络五子棋\My五子棋服务器\服务器.cpp(293,39): warning C4267: “+=”: 从“size_t”转换到“int”，可能丢失数据
D:\BohongLi\100-LoveLearning\170-项目\网络五子棋\My网络五子棋\My五子棋服务器\服务器.cpp(298,39): warning C4267: “+=”: 从“size_t”转换到“int”，可能丢失数据
D:\BohongLi\100-LoveLearning\170-项目\网络五子棋\My网络五子棋\My五子棋服务器\服务器.cpp(303,41): warning C4267: “+=”: 从“size_t”转换到“int”，可能丢失数据
D:\BohongLi\100-LoveLearning\170-项目\网络五子棋\My网络五子棋\My五子棋服务器\服务器.cpp(308,41): warning C4267: “+=”: 从“size_t”转换到“int”，可能丢失数据
D:\BohongLi\100-LoveLearning\170-项目\网络五子棋\My网络五子棋\My五子棋服务器\服务器.cpp(312,55): warning C4267: “参数”: 从“size_t”转换到“int”，可能丢失数据
D:\BohongLi\100-LoveLearning\170-项目\网络五子棋\My网络五子棋\My五子棋服务器\服务器.cpp(316,60): warning C4267: “参数”: 从“size_t”转换到“int”，可能丢失数据
D:\BohongLi\100-LoveLearning\170-项目\网络五子棋\My网络五子棋\My五子棋服务器\服务器.cpp(326,58): warning C4267: “参数”: 从“size_t”转换到“int”，可能丢失数据
D:\BohongLi\100-LoveLearning\170-项目\网络五子棋\My网络五子棋\My五子棋服务器\服务器.cpp(329,62): warning C4267: “参数”: 从“size_t”转换到“int”，可能丢失数据
D:\BohongLi\100-LoveLearning\170-项目\网络五子棋\My网络五子棋\My五子棋服务器\服务器.cpp(381,13): warning C4244: “初始化”: 从“uint64_t”转换到“int”，可能丢失数据
D:\BohongLi\100-LoveLearning\170-项目\网络五子棋\My网络五子棋\My五子棋服务器\服务器.cpp(420,13): warning C4244: “初始化”: 从“uint64_t”转换到“int”，可能丢失数据
D:\BohongLi\100-LoveLearning\170-项目\网络五子棋\My网络五子棋\My五子棋服务器\服务器.cpp(454,13): warning C4244: “初始化”: 从“uint64_t”转换到“int”，可能丢失数据
D:\BohongLi\100-LoveLearning\170-项目\网络五子棋\My网络五子棋\My五子棋服务器\服务器.cpp(486,40): warning C4267: “+=”: 从“size_t”转换到“int”，可能丢失数据
D:\BohongLi\100-LoveLearning\170-项目\网络五子棋\My网络五子棋\My五子棋服务器\服务器.cpp(490,42): warning C4267: “+=”: 从“size_t”转换到“int”，可能丢失数据
D:\BohongLi\100-LoveLearning\170-项目\网络五子棋\My网络五子棋\My五子棋服务器\服务器.cpp(493,42): warning C4267: “+=”: 从“size_t”转换到“int”，可能丢失数据
D:\BohongLi\100-LoveLearning\170-项目\网络五子棋\My网络五子棋\My五子棋服务器\服务器.cpp(500,55): warning C4267: “参数”: 从“size_t”转换到“int”，可能丢失数据
D:\BohongLi\100-LoveLearning\170-项目\网络五子棋\My网络五子棋\My五子棋服务器\服务器.cpp(504,57): warning C4267: “参数”: 从“size_t”转换到“int”，可能丢失数据
D:\BohongLi\100-LoveLearning\170-项目\网络五子棋\My网络五子棋\My五子棋服务器\服务器.cpp(512,55): warning C4267: “参数”: 从“size_t”转换到“int”，可能丢失数据
D:\BohongLi\100-LoveLearning\170-项目\网络五子棋\My网络五子棋\My五子棋服务器\服务器.cpp(515,57): warning C4267: “参数”: 从“size_t”转换到“int”，可能丢失数据
D:\BohongLi\100-LoveLearning\170-项目\网络五子棋\My网络五子棋\My五子棋服务器\服务器.cpp(522,59): warning C4267: “参数”: 从“size_t”转换到“int”，可能丢失数据
D:\BohongLi\100-LoveLearning\170-项目\网络五子棋\My网络五子棋\My五子棋服务器\服务器.cpp(537,60): warning C4267: “参数”: 从“size_t”转换到“int”，可能丢失数据
D:\BohongLi\100-LoveLearning\170-项目\网络五子棋\My网络五子棋\My五子棋服务器\服务器.cpp(544,56): warning C4267: “参数”: 从“size_t”转换到“int”，可能丢失数据
D:\BohongLi\100-LoveLearning\170-项目\网络五子棋\My网络五子棋\My五子棋服务器\服务器.cpp(547,60): warning C4267: “参数”: 从“size_t”转换到“int”，可能丢失数据
D:\BohongLi\100-LoveLearning\170-项目\网络五子棋\My网络五子棋\My五子棋服务器\服务器.cpp(557,50): warning C4267: “参数”: 从“size_t”转换到“int”，可能丢失数据
D:\BohongLi\100-LoveLearning\170-项目\网络五子棋\My网络五子棋\My五子棋服务器\服务器.cpp(560,50): warning C4267: “参数”: 从“size_t”转换到“int”，可能丢失数据
D:\BohongLi\100-LoveLearning\170-项目\网络五子棋\My网络五子棋\My五子棋服务器\服务器.cpp(567,55): warning C4267: “参数”: 从“size_t”转换到“int”，可能丢失数据
D:\BohongLi\100-LoveLearning\170-项目\网络五子棋\My网络五子棋\My五子棋服务器\服务器.cpp(571,57): warning C4267: “参数”: 从“size_t”转换到“int”，可能丢失数据
D:\BohongLi\100-LoveLearning\170-项目\网络五子棋\My网络五子棋\My五子棋服务器\服务器.cpp(585,87): warning C4474: sprintf: 格式字符串中传递的参数太多
D:\BohongLi\100-LoveLearning\170-项目\网络五子棋\My网络五子棋\My五子棋服务器\服务器.cpp(585,87): message : 占位符和其参数预计 0 可变参数，但提供的却是 1 参数
D:\BohongLi\100-LoveLearning\170-项目\网络五子棋\My网络五子棋\My五子棋服务器\服务器.cpp(586,61): warning C4267: “参数”: 从“size_t”转换到“int”，可能丢失数据
D:\BohongLi\100-LoveLearning\170-项目\网络五子棋\My网络五子棋\My五子棋服务器\服务器.cpp(592,84): warning C4474: sprintf: 格式字符串中传递的参数太多
D:\BohongLi\100-LoveLearning\170-项目\网络五子棋\My网络五子棋\My五子棋服务器\服务器.cpp(592,84): message : 占位符和其参数预计 0 可变参数，但提供的却是 1 参数
D:\BohongLi\100-LoveLearning\170-项目\网络五子棋\My网络五子棋\My五子棋服务器\服务器.cpp(593,61): warning C4267: “参数”: 从“size_t”转换到“int”，可能丢失数据
D:\BohongLi\100-LoveLearning\170-项目\网络五子棋\My网络五子棋\My五子棋服务器\服务器.cpp(608,10): warning C4477: “printf”: 格式字符串“%d”需要类型“int”的参数，但可变参数 2 拥有了类型“size_t”
D:\BohongLi\100-LoveLearning\170-项目\网络五子棋\My网络五子棋\My五子棋服务器\服务器.cpp(608,10): message : 请考虑在格式字符串中使用“%zd”
D:\BohongLi\100-LoveLearning\170-项目\网络五子棋\My网络五子棋\My五子棋服务器\服务器.cpp(612,39): warning C4267: “+=”: 从“size_t”转换到“int”，可能丢失数据
D:\BohongLi\100-LoveLearning\170-项目\网络五子棋\My网络五子棋\My五子棋服务器\服务器.cpp(894,61): warning C4267: “参数”: 从“size_t”转换到“int”，可能丢失数据
D:\BohongLi\100-LoveLearning\170-项目\网络五子棋\My网络五子棋\My五子棋服务器\服务器.cpp(908,61): warning C4267: “参数”: 从“size_t”转换到“int”，可能丢失数据
  My五子棋服务器.vcxproj -> D:\BohongLi\100-LoveLearning\170-项目\网络五子棋\My网络五子棋\My五子棋服务器\x64\Debug\My五子棋服务器.exe
